------------------------------------------------------------
Profile:                     default
Extending:          [cached] /opt/ros/melodic
Workspace:                   /home/ujjaini/catkin_ws
------------------------------------------------------------
Build Space:        [exists] /home/ujjaini/catkin_ws/build
Devel Space:        [exists] /home/ujjaini/catkin_ws/devel
Install Space:      [unused] /home/ujjaini/catkin_ws/install
Log Space:          [exists] /home/ujjaini/catkin_ws/logs
Source Space:       [exists] /home/ujjaini/catkin_ws/src
DESTDIR:            [unused] None
------------------------------------------------------------
Devel Space Layout:          linked
Install Space Layout:        None
------------------------------------------------------------
Additional CMake Args:       None
Additional Make Args:        None
Additional catkin Make Args: None
Internal Make Job Server:    True
Cache Job Environments:      False
------------------------------------------------------------
Whitelisted Packages:        None
Blacklisted Packages:        None
------------------------------------------------------------
Workspace configuration appears valid.
------------------------------------------------------------
[build] Found '1' packages in 0.0 seconds.                                                                                                                                                                 
[build] Package table is up to date.                                                                                                                                                                       
Starting >>> drive_the_robot                                                                                                                                                                               
[build 0.1 s] [0/1 complete] [1/16 jobs] [0 queued] [drive_the_robot:check - 0.1]                                                                                                                          [build 0.2 s] [0/1 complete] [1/16 jobs] [0 queued] [drive_the_robot:make - 0.2]                                                                                                                           ___________________________________________________________________________________________________________________________________________________________________________________________________________
Errors << drive_the_robot:make /home/ujjaini/catkin_ws/logs/drive_the_robot/build.make.009.log                                                                                                             
make[2]: *** No rule to make target '/home/ujjaini/catkin_ws/src/drive_the_robot/src/AsyncMKPRecipient.cpp', needed by 'CMakeFiles/drive_the_robot.dir/src/AsyncMKPRecipient.cpp.o'.  Stop.
make[1]: *** [CMakeFiles/drive_the_robot.dir/all] Error 2
make: *** [all] Error 2
cd /home/ujjaini/catkin_ws/build/drive_the_robot; catkin build --get-env drive_the_robot | catkin env -si  /usr/bin/make --jobserver-fds=6,7 -j; cd -
...........................................................................................................................................................................................................
Failed << drive_the_robot:make            [ Exited with code 2 ]                                                                                                                                           
Failed <<< drive_the_robot                [ 0.2 seconds ]                                                                                                                                                  
[build] Summary: 0 of 1 packages succeeded.                                                                                                                                                                
[build] Ignored: None.                                                                                                                                                                                     
[build] Warnings: None.                                                                                                                                                                                    
[build] Abandoned: No packages were abandoned.                                                                                                                                                             
[build] Failed: 1 packages failed.                                                                                                                                                                         
[build] Runtime: 0.2 seconds total.                                                                                                                                                                        
